Determining if files pthread.h exist passed with the following output:
Change Dir: /home/quique/src/conservator/examples/clean/build/CMakeFiles/CMakeTmp

Run Build Command:"/usr/bin/make" "cmTryCompileExec2786807995/fast"
/usr/bin/make -f CMakeFiles/cmTryCompileExec2786807995.dir/build.make CMakeFiles/cmTryCompileExec2786807995.dir/build
make[1]: Entering directory `/home/quique/src/conservator/examples/clean/build/CMakeFiles/CMakeTmp'
/usr/local/bin/cmake -E cmake_progress_report /home/quique/src/conservator/examples/clean/build/CMakeFiles/CMakeTmp/CMakeFiles 1
Building C object CMakeFiles/cmTryCompileExec2786807995.dir/CheckIncludeFiles.c.o
/usr/bin/cc    -o CMakeFiles/cmTryCompileExec2786807995.dir/CheckIncludeFiles.c.o   -c /home/quique/src/conservator/examples/clean/build/CMakeFiles/CMakeTmp/CheckIncludeFiles.c
Linking C executable cmTryCompileExec2786807995
/usr/local/bin/cmake -E cmake_link_script CMakeFiles/cmTryCompileExec2786807995.dir/link.txt --verbose=1
/usr/bin/cc       CMakeFiles/cmTryCompileExec2786807995.dir/CheckIncludeFiles.c.o  -o cmTryCompileExec2786807995 -rdynamic 
make[1]: Leaving directory `/home/quique/src/conservator/examples/clean/build/CMakeFiles/CMakeTmp'


Determining if the function pthread_create exists in the pthread passed with the following output:
Change Dir: /home/quique/src/conservator/examples/clean/build/CMakeFiles/CMakeTmp

Run Build Command:"/usr/bin/make" "cmTryCompileExec906324232/fast"
/usr/bin/make -f CMakeFiles/cmTryCompileExec906324232.dir/build.make CMakeFiles/cmTryCompileExec906324232.dir/build
make[1]: Entering directory `/home/quique/src/conservator/examples/clean/build/CMakeFiles/CMakeTmp'
/usr/local/bin/cmake -E cmake_progress_report /home/quique/src/conservator/examples/clean/build/CMakeFiles/CMakeTmp/CMakeFiles 1
Building C object CMakeFiles/cmTryCompileExec906324232.dir/CheckFunctionExists.c.o
/usr/bin/cc   -DCHECK_FUNCTION_EXISTS=pthread_create   -o CMakeFiles/cmTryCompileExec906324232.dir/CheckFunctionExists.c.o   -c /usr/local/share/cmake-3.2/Modules/CheckFunctionExists.c
Linking C executable cmTryCompileExec906324232
/usr/local/bin/cmake -E cmake_link_script CMakeFiles/cmTryCompileExec906324232.dir/link.txt --verbose=1
/usr/bin/cc   -DCHECK_FUNCTION_EXISTS=pthread_create    CMakeFiles/cmTryCompileExec906324232.dir/CheckFunctionExists.c.o  -o cmTryCompileExec906324232 -rdynamic -lpthread 
make[1]: Leaving directory `/home/quique/src/conservator/examples/clean/build/CMakeFiles/CMakeTmp'


