Determining if files pthread.h exist passed with the following output:
Change Dir: /home/quique/src/conservator/examples/create/build/CMakeFiles/CMakeTmp

Run Build Command:"/usr/bin/make" "cmTryCompileExec2684242005/fast"
/usr/bin/make -f CMakeFiles/cmTryCompileExec2684242005.dir/build.make CMakeFiles/cmTryCompileExec2684242005.dir/build
make[1]: Entering directory `/home/quique/src/conservator/examples/create/build/CMakeFiles/CMakeTmp'
/usr/local/bin/cmake -E cmake_progress_report /home/quique/src/conservator/examples/create/build/CMakeFiles/CMakeTmp/CMakeFiles 1
Building C object CMakeFiles/cmTryCompileExec2684242005.dir/CheckIncludeFiles.c.o
/usr/bin/cc    -o CMakeFiles/cmTryCompileExec2684242005.dir/CheckIncludeFiles.c.o   -c /home/quique/src/conservator/examples/create/build/CMakeFiles/CMakeTmp/CheckIncludeFiles.c
Linking C executable cmTryCompileExec2684242005
/usr/local/bin/cmake -E cmake_link_script CMakeFiles/cmTryCompileExec2684242005.dir/link.txt --verbose=1
/usr/bin/cc       CMakeFiles/cmTryCompileExec2684242005.dir/CheckIncludeFiles.c.o  -o cmTryCompileExec2684242005 -rdynamic 
make[1]: Leaving directory `/home/quique/src/conservator/examples/create/build/CMakeFiles/CMakeTmp'


Determining if the function pthread_create exists in the pthread passed with the following output:
Change Dir: /home/quique/src/conservator/examples/create/build/CMakeFiles/CMakeTmp

Run Build Command:"/usr/bin/make" "cmTryCompileExec2901080419/fast"
/usr/bin/make -f CMakeFiles/cmTryCompileExec2901080419.dir/build.make CMakeFiles/cmTryCompileExec2901080419.dir/build
make[1]: Entering directory `/home/quique/src/conservator/examples/create/build/CMakeFiles/CMakeTmp'
/usr/local/bin/cmake -E cmake_progress_report /home/quique/src/conservator/examples/create/build/CMakeFiles/CMakeTmp/CMakeFiles 1
Building C object CMakeFiles/cmTryCompileExec2901080419.dir/CheckFunctionExists.c.o
/usr/bin/cc   -DCHECK_FUNCTION_EXISTS=pthread_create   -o CMakeFiles/cmTryCompileExec2901080419.dir/CheckFunctionExists.c.o   -c /usr/local/share/cmake-3.2/Modules/CheckFunctionExists.c
Linking C executable cmTryCompileExec2901080419
/usr/local/bin/cmake -E cmake_link_script CMakeFiles/cmTryCompileExec2901080419.dir/link.txt --verbose=1
/usr/bin/cc   -DCHECK_FUNCTION_EXISTS=pthread_create    CMakeFiles/cmTryCompileExec2901080419.dir/CheckFunctionExists.c.o  -o cmTryCompileExec2901080419 -rdynamic -lpthread 
make[1]: Leaving directory `/home/quique/src/conservator/examples/create/build/CMakeFiles/CMakeTmp'


